Arguments: 
  F:\Program Files\nodejs\node.exe F:\Program Files\Yarn\bin\yarn.js add express knex moran sqlite3 nodemon

PATH: 
  C:\Program Files\Git\mingw64\bin;C:\Program Files\Git\usr\bin;C:\Users\andre\bin;C:\Program Files (x86)\Python36-32\Scripts;C:\Program Files (x86)\Python36-32;C:\windows\system32;C:\windows;C:\windows\system32\wbem;C:\windows\system32\windowspowershell\v1.0;C:\Program Files (x86)\NVIDIA Corporation\PhysX\Common;C:\WINDOWS\system32;C:\WINDOWS;C:\WINDOWS\System32\Wbem;C:\WINDOWS\System32\WindowsPowerShell\v1.0;F:\Program Files\nodejs;C:\WINDOWS\System32\OpenSSH;C:\Program Files\Git\cmd;F:\Program Files\Yarn\bin;C:\Users\andre\AppData\Local\Microsoft\WindowsApps;C:\Users\andre\AppData\Local\atom\bin;F:\Program Files\Microsoft VS Code\bin;C:\Users\andre\AppData\Local\GitHubDesktop\bin;C:\Users\andre\AppData\Roaming\npm;C:\Users\andre\AppData\Local\Microsoft\WindowsApps;F:\Users\andre\AppData\Local\Programs\Microsoft VS Code\bin;C:\Users\andre\AppData\Local\Yarn\bin;F:\Program Files\heroku\bin

Yarn version: 
  1.9.4

Node version: 
  9.11.1

Platform: 
  win32 x64

Trace: 
  Error: https://registry.yarnpkg.com/moran: Not found
      at Request.params.callback [as _callback] (F:\Program Files\Yarn\lib\cli.js:64202:18)
      at Request.self.callback (F:\Program Files\Yarn\lib\cli.js:137468:22)
      at Request.emit (events.js:180:13)
      at Request.<anonymous> (F:\Program Files\Yarn\lib\cli.js:138440:10)
      at Request.emit (events.js:180:13)
      at IncomingMessage.<anonymous> (F:\Program Files\Yarn\lib\cli.js:138362:12)
      at Object.onceWrapper (events.js:272:13)
      at IncomingMessage.emit (events.js:185:15)
      at endReadableNT (_stream_readable.js:1106:12)
      at process._tickCallback (internal/process/next_tick.js:178:19)

npm manifest: 
  No manifest

yarn manifest: 
  No manifest

Lockfile: 
  No lockfile
